

Microchip MPLAB XC8 Assembler V2.41 build 20230208172133 
                                                                                               Thu Oct 26 17:52:59 2023

Microchip MPLAB XC8 C Compiler v2.41 (Free license) build 20230208172133 Og1 
     1                           	processor	18F4620
     2                           	fnconf	rparam,??,?,0
     3                           	pagewidth 120
     4                           	opt	flic
     5                           	psect	idataCOMRAM,global,class=CODE,delta=1,noexec
     6                           	psect	nvCOMRAM,global,class=COMRAM,space=1,delta=1,lowdata,noexec
     7                           	psect	cinit,global,reloc=2,class=CODE,delta=1
     8                           	psect	bssCOMRAM,global,class=COMRAM,space=1,delta=1,lowdata,noexec
     9                           	psect	dataCOMRAM,global,class=COMRAM,space=1,delta=1,lowdata,noexec
    10                           	psect	cstackCOMRAM,global,class=COMRAM,space=1,delta=1,lowdata,noexec
    11                           	psect	text0,global,reloc=2,class=CODE,delta=1
    12                           	psect	text1,global,reloc=2,class=CODE,delta=1
    13                           	psect	text2,global,reloc=2,class=CODE,delta=1
    14                           	psect	text3,global,reloc=2,class=CODE,delta=1
    15                           	psect	intsave_regs,global,class=BIGRAM,space=1,delta=1,noexec
    16                           	psect	rparam,global,class=COMRAM,space=1,delta=1,noexec
    17                           	psect	config,global,abs,ovrld,class=CONFIG,space=4,delta=1,noexec
    18   000000                     
    19                           ; Generated 23/03/2023 GMT
    20                           ; 
    21                           ; Copyright © 2023, Microchip Technology Inc. and its subsidiaries ("Microchip")
    22                           ; All rights reserved.
    23                           ; 
    24                           ; This software is developed by Microchip Technology Inc. and its subsidiaries ("Microch
      +                          ip").
    25                           ; 
    26                           ; Redistribution and use in source and binary forms, with or without modification, are
    27                           ; permitted provided that the following conditions are met:
    28                           ; 
    29                           ;     1. Redistributions of source code must retain the above copyright notice, this lis
      +                          t of
    30                           ;        conditions and the following disclaimer.
    31                           ; 
    32                           ;     2. Redistributions in binary form must reproduce the above copyright notice, this 
      +                          list
    33                           ;        of conditions and the following disclaimer in the documentation and/or other
    34                           ;        materials provided with the distribution. Publication is not required when
    35                           ;        this file is used in an embedded application.
    36                           ; 
    37                           ;     3. Microchip's name may not be used to endorse or promote products derived from th
      +                          is
    38                           ;        software without specific prior written permission.
    39                           ; 
    40                           ; THIS SOFTWARE IS PROVIDED BY MICROCHIP "AS IS" AND ANY EXPRESS OR IMPLIED WARRANTIES,
    41                           ; INCLUDING, BUT NOT LIMITED TO, THE IMPLIED WARRANTIES OF MERCHANTABILITY AND FITNESS F
      +                          OR
    42                           ; PURPOSE ARE DISCLAIMED.  IN NO EVENT SHALL MICROCHIP BE LIABLE FOR ANY DIRECT, INDIREC
      +                          T,
    43                           ; INCIDENTAL, SPECIAL, EXEMPLARY, OR CONSEQUENTIAL DAMAGES (INCLUDING BUT NOT LIMITED TO
    44                           ; PROCUREMENT OF SUBSTITUTE GOODS OR SERVICES; LOSS OF USE, DATA OR PROFITS; OR BUSINESS
    45                           ; INTERRUPTION) HOWSOEVER CAUSED AND ON ANY THEORY OF LIABILITY, WHETHER IN CONTRACT, ST
      +                          RICT
    46                           ; LIABILITY, OR TORT (INCLUDING NEGLIGENCE OR OTHERWISE) ARISING IN ANY WAY OUT OF THE U
      +                          SE OF
    47                           ; THIS SOFTWARE, EVEN IF ADVISED OF THE POSSIBILITY OF SUCH DAMAGE.
    48                           ; 
    49                           ; 
    50                           ; Code-generator required, PIC18F4620 Definitions
    51                           ; 
    52                           ; SFR Addresses
    53   000000                     
    54                           	psect	idataCOMRAM
    55   00FE98                     __pidataCOMRAM:
    56                           	callstack 0
    57                           
    58                           ;initializer for _port_registers
    59   00FE98  80                 	db	128
    60   00FE99  0F                 	db	15
    61   00FE9A  81                 	db	129
    62   00FE9B  0F                 	db	15
    63   00FE9C  82                 	db	130
    64   00FE9D  0F                 	db	15
    65   00FE9E  83                 	db	131
    66   00FE9F  0F                 	db	15
    67   00FEA0  84                 	db	132
    68   00FEA1  0F                 	db	15
    69                           
    70                           ;initializer for _lat_registers
    71   00FEA2  89                 	db	137
    72   00FEA3  0F                 	db	15
    73   00FEA4  8A                 	db	138
    74   00FEA5  0F                 	db	15
    75   00FEA6  8B                 	db	139
    76   00FEA7  0F                 	db	15
    77   00FEA8  8C                 	db	140
    78   00FEA9  0F                 	db	15
    79   00FEAA  8D                 	db	141
    80   00FEAB  0F                 	db	15
    81                           
    82                           ;initializer for _tris_registers
    83   00FEAC  92                 	db	146
    84   00FEAD  0F                 	db	15
    85   00FEAE  93                 	db	147
    86   00FEAF  0F                 	db	15
    87   00FEB0  94                 	db	148
    88   00FEB1  0F                 	db	15
    89   00FEB2  95                 	db	149
    90   00FEB3  0F                 	db	15
    91   00FEB4  96                 	db	150
    92   00FEB5  0F                 	db	15
    93                           
    94                           	psect	nvCOMRAM
    95   00002E                     __pnvCOMRAM:
    96                           	callstack 0
    97   00002E                     _tens:
    98                           	callstack 0
    99   00002E                     	ds	1
   100   000000                     _PORTE	set	3972
   101   000000                     _PORTD	set	3971
   102   000000                     _PORTC	set	3970
   103   000000                     _PORTB	set	3969
   104   000000                     _PORTA	set	3968
   105   000000                     _LATA	set	3977
   106   000000                     _TRISA	set	3986
   107   000000                     _TRISE	set	3990
   108   000000                     _TRISD	set	3989
   109   000000                     _TRISC	set	3988
   110   000000                     _TRISB	set	3987
   111   000000                     _LATE	set	3981
   112   000000                     _LATD	set	3980
   113   000000                     _LATC	set	3979
   114   000000                     _LATB	set	3978
   115                           
   116                           ; #config settings
   117                           
   118                           	psect	cinit
   119   00FEB6                     __pcinit:
   120                           	callstack 0
   121   00FEB6                     start_initialization:
   122                           	callstack 0
   123   00FEB6                     __initialization:
   124                           	callstack 0
   125                           
   126                           ; Initialize objects allocated to COMRAM (30 bytes)
   127                           ; load TBLPTR registers with __pidataCOMRAM
   128   00FEB6  0E98               	movlw	low __pidataCOMRAM
   129   00FEB8  6EF6               	movwf	tblptrl,c
   130   00FEBA  0EFE               	movlw	high __pidataCOMRAM
   131   00FEBC  6EF7               	movwf	tblptrh,c
   132   00FEBE  0E00               	movlw	low (__pidataCOMRAM shr (0+16))
   133   00FEC0  6EF8               	movwf	tblptru,c
   134   00FEC2  EE00  F001         	lfsr	0,__pdataCOMRAM
   135   00FEC6  EE10 F01E          	lfsr	1,30
   136   00FECA                     copy_data0:
   137   00FECA  0009               	tblrd		*+
   138   00FECC  CFF5 FFEE          	movff	tablat,postinc0
   139   00FED0  50E5               	movf	postdec1,w,c
   140   00FED2  50E1               	movf	fsr1l,w,c
   141   00FED4  E1FA               	bnz	copy_data0
   142                           
   143                           ; Clear objects allocated to COMRAM (8 bytes)
   144   00FED6  EE00  F01F         	lfsr	0,__pbssCOMRAM
   145   00FEDA  0E08               	movlw	8
   146   00FEDC                     clear_0:
   147   00FEDC  6AEE               	clrf	postinc0,c
   148   00FEDE  06E8               	decf	wreg,f,c
   149   00FEE0  E1FD               	bnz	clear_0
   150   00FEE2                     end_of_initialization:
   151                           	callstack 0
   152   00FEE2                     __end_of__initialization:
   153                           	callstack 0
   154   00FEE2  0E00               	movlw	low (__Lmediumconst shr (0+16))
   155   00FEE4  6EF8               	movwf	tblptru,c
   156   00FEE6  0100               	movlb	0
   157   00FEE8  EFC4  F07F         	goto	_main	;jump to C main() function
   158                           
   159                           	psect	bssCOMRAM
   160   00001F                     __pbssCOMRAM:
   161                           	callstack 0
   162   00001F                     _ones:
   163                           	callstack 0
   164   00001F                     	ds	1
   165   000020                     Relay_Turn_OFF@F2885:
   166                           	callstack 0
   167   000020                     	ds	1
   168   000021                     Relay_Turn_ON@F2880:
   169                           	callstack 0
   170   000021                     	ds	1
   171   000022                     Relay_Initialize@F2875:
   172                           	callstack 0
   173   000022                     	ds	1
   174   000023                     led_toggle@F2896:
   175                           	callstack 0
   176   000023                     	ds	1
   177   000024                     led_turn_off@F2891:
   178                           	callstack 0
   179   000024                     	ds	1
   180   000025                     led_turn_on@F2886:
   181                           	callstack 0
   182   000025                     	ds	1
   183   000026                     led_initialize@F2881:
   184                           	callstack 0
   185   000026                     	ds	1
   186                           
   187                           	psect	dataCOMRAM
   188   000001                     __pdataCOMRAM:
   189                           	callstack 0
   190   000001                     _port_registers:
   191                           	callstack 0
   192   000001                     	ds	10
   193   00000B                     _lat_registers:
   194                           	callstack 0
   195   00000B                     	ds	10
   196   000015                     _tris_registers:
   197                           	callstack 0
   198   000015                     	ds	10
   199                           
   200                           	psect	cstackCOMRAM
   201   000027                     __pcstackCOMRAM:
   202                           	callstack 0
   203   000027                     gpio_port_direction_intialize@direction:
   204                           	callstack 0
   205   000027                     gpio_port_write_logic@logic:
   206                           	callstack 0
   207                           
   208                           ; 1 bytes @ 0x0
   209   000027                     	ds	1
   210   000028                     ??_gpio_port_direction_intialize:
   211   000028                     ??_gpio_port_write_logic:
   212                           
   213                           ; 1 bytes @ 0x1
   214   000028                     	ds	2
   215   00002A                     gpio_port_direction_intialize@ret:
   216                           	callstack 0
   217   00002A                     gpio_port_write_logic@ret:
   218                           	callstack 0
   219                           
   220                           ; 1 bytes @ 0x3
   221   00002A                     	ds	1
   222   00002B                     gpio_port_direction_intialize@port:
   223                           	callstack 0
   224   00002B                     gpio_port_write_logic@port:
   225                           	callstack 0
   226                           
   227                           ; 1 bytes @ 0x4
   228   00002B                     	ds	1
   229   00002C                     ??_main:
   230                           
   231                           ; 1 bytes @ 0x5
   232   00002C                     	ds	2
   233                           
   234 ;;
   235 ;;Main: autosize = 0, tempsize = 2, incstack = 0, save=0
   236 ;;
   237 ;; *************** function _main *****************
   238 ;; Defined at:
   239 ;;		line 9 in file "application.c"
   240 ;; Parameters:    Size  Location     Type
   241 ;;		None
   242 ;; Auto vars:     Size  Location     Type
   243 ;;  ret             1    0        unsigned char 
   244 ;; Return value:  Size  Location     Type
   245 ;;                  2  236[None  ] int 
   246 ;; Registers used:
   247 ;;		wreg, fsr2l, fsr2h, status,2, status,0, prodl, prodh, cstack
   248 ;; Tracked objects:
   249 ;;		On entry : 0/0
   250 ;;		On exit  : 0/0
   251 ;;		Unchanged: 0/0
   252 ;; Data sizes:     COMRAM   BANK0   BANK1   BANK2   BANK3   BANK4   BANK5   BANK6   BANK7   BANK8   BANK9  BANK10  BANK1
      +1  BANK12  BANK13  BANK14  BANK15
   253 ;;      Params:         0       0       0       0       0       0       0       0       0       0       0       0       
      +0       0       0       0       0
   254 ;;      Locals:         0       0       0       0       0       0       0       0       0       0       0       0       
      +0       0       0       0       0
   255 ;;      Temps:          2       0       0       0       0       0       0       0       0       0       0       0       
      +0       0       0       0       0
   256 ;;      Totals:         2       0       0       0       0       0       0       0       0       0       0       0       
      +0       0       0       0       0
   257 ;;Total ram usage:        2 bytes
   258 ;; Hardware stack levels required when called: 2
   259 ;; This function calls:
   260 ;;		_application_initialize
   261 ;;		_gpio_port_write_logic
   262 ;; This function is called by:
   263 ;;		Startup code after reset
   264 ;; This function uses a non-reentrant model
   265 ;;
   266                           
   267                           	psect	text0
   268   00FF88                     __ptext0:
   269                           	callstack 0
   270   00FF88                     _main:
   271                           	callstack 29
   272   00FF88                     
   273                           ;application.c: 12: application_initialize();
   274   00FF88  EC41  F07F         	call	_application_initialize	;wreg free
   275   00FF8C                     l1345:
   276                           
   277                           ;application.c: 15:     for(tens = 0; tens <10 ; tens++){
   278   00FF8C  0E00               	movlw	0
   279   00FF8E  6E2E               	movwf	_tens^0,c
   280   00FF90                     l1351:
   281   00FF90  C02E  F027         	movff	_tens,gpio_port_write_logic@logic
   282   00FF94  0E02               	movlw	2
   283   00FF96  EC99  F07F         	call	_gpio_port_write_logic
   284   00FF9A                     
   285                           ;application.c: 17:         _delay(250000);
   286   00FF9A  0E02               	movlw	2
   287   00FF9C  6E2D               	movwf	(??_main+1)^0,c
   288   00FF9E  0E45               	movlw	69
   289   00FFA0  6E2C               	movwf	??_main^0,c
   290   00FFA2  0EAA               	movlw	170
   291   00FFA4                     u657:
   292   00FFA4  2EE8               	decfsz	wreg,f,c
   293   00FFA6  D7FE               	bra	u657
   294   00FFA8  2E2C               	decfsz	??_main^0,f,c
   295   00FFAA  D7FC               	bra	u657
   296   00FFAC  2E2D               	decfsz	(??_main+1)^0,f,c
   297   00FFAE  D7FA               	bra	u657
   298   00FFB0                     
   299                           ;application.c: 18:         for(ones = 0; ones <10 ; ones++){
   300   00FFB0  0E00               	movlw	0
   301   00FFB2  6E1F               	movwf	_ones^0,c
   302   00FFB4                     l1361:
   303   00FFB4  C01F  F027         	movff	_ones,gpio_port_write_logic@logic
   304   00FFB8  0E03               	movlw	3
   305   00FFBA  EC99  F07F         	call	_gpio_port_write_logic
   306   00FFBE                     
   307                           ;application.c: 20:         _delay(250000);
   308   00FFBE  0E02               	movlw	2
   309   00FFC0  6E2D               	movwf	(??_main+1)^0,c
   310   00FFC2  0E45               	movlw	69
   311   00FFC4  6E2C               	movwf	??_main^0,c
   312   00FFC6  0EAA               	movlw	170
   313   00FFC8                     u667:
   314   00FFC8  2EE8               	decfsz	wreg,f,c
   315   00FFCA  D7FE               	bra	u667
   316   00FFCC  2E2C               	decfsz	??_main^0,f,c
   317   00FFCE  D7FC               	bra	u667
   318   00FFD0  2E2D               	decfsz	(??_main+1)^0,f,c
   319   00FFD2  D7FA               	bra	u667
   320   00FFD4                     
   321                           ;application.c: 21:         }
   322   00FFD4  2A1F               	incf	_ones^0,f,c
   323   00FFD6  0E09               	movlw	9
   324   00FFD8  641F               	cpfsgt	_ones^0,c
   325   00FFDA  EFF1  F07F         	goto	u631
   326   00FFDE  EFF3  F07F         	goto	u630
   327   00FFE2                     u631:
   328   00FFE2  EFDA  F07F         	goto	l1361
   329   00FFE6                     u630:
   330   00FFE6                     
   331                           ;application.c: 22:     }
   332   00FFE6  2A2E               	incf	_tens^0,f,c
   333   00FFE8  0E09               	movlw	9
   334   00FFEA  642E               	cpfsgt	_tens^0,c
   335   00FFEC  EFFA  F07F         	goto	u641
   336   00FFF0  EFFC  F07F         	goto	u640
   337   00FFF4                     u641:
   338   00FFF4  EFC8  F07F         	goto	l1351
   339   00FFF8                     u640:
   340   00FFF8  EFC6  F07F         	goto	l1345
   341   00FFFC  EF00  F000         	goto	start
   342   010000                     __end_of_main:
   343                           	callstack 0
   344                           
   345 ;; *************** function _gpio_port_write_logic *****************
   346 ;; Defined at:
   347 ;;		line 181 in file "MCAL_Layer/GPIO/hal_gpio.c"
   348 ;; Parameters:    Size  Location     Type
   349 ;;  port            1    wreg     enum E2819
   350 ;;  logic           1    0[COMRAM] unsigned char 
   351 ;; Auto vars:     Size  Location     Type
   352 ;;  port            1    4[COMRAM] enum E2819
   353 ;;  ret             1    3[COMRAM] unsigned char 
   354 ;; Return value:  Size  Location     Type
   355 ;;                  1    wreg      unsigned char 
   356 ;; Registers used:
   357 ;;		wreg, fsr2l, fsr2h, status,2, status,0, prodl, prodh
   358 ;; Tracked objects:
   359 ;;		On entry : 0/0
   360 ;;		On exit  : 0/0
   361 ;;		Unchanged: 0/0
   362 ;; Data sizes:     COMRAM   BANK0   BANK1   BANK2   BANK3   BANK4   BANK5   BANK6   BANK7   BANK8   BANK9  BANK10  BANK1
      +1  BANK12  BANK13  BANK14  BANK15
   363 ;;      Params:         1       0       0       0       0       0       0       0       0       0       0       0       
      +0       0       0       0       0
   364 ;;      Locals:         2       0       0       0       0       0       0       0       0       0       0       0       
      +0       0       0       0       0
   365 ;;      Temps:          2       0       0       0       0       0       0       0       0       0       0       0       
      +0       0       0       0       0
   366 ;;      Totals:         5       0       0       0       0       0       0       0       0       0       0       0       
      +0       0       0       0       0
   367 ;;Total ram usage:        5 bytes
   368 ;; Hardware stack levels used: 1
   369 ;; This function calls:
   370 ;;		Nothing
   371 ;; This function is called by:
   372 ;;		_main
   373 ;; This function uses a non-reentrant model
   374 ;;
   375                           
   376                           	psect	text1
   377   00FF32                     __ptext1:
   378                           	callstack 0
   379   00FF32                     _gpio_port_write_logic:
   380                           	callstack 30
   381                           
   382                           ;incstack = 0
   383                           ;gpio_port_write_logic@port stored from wreg
   384   00FF32  6E2B               	movwf	gpio_port_write_logic@port^0,c
   385   00FF34                     
   386                           ;MCAL_Layer/GPIO/hal_gpio.c: 182:     Std_ReturnType ret = (Std_ReturnType)0x01;
   387   00FF34  0E01               	movlw	1
   388   00FF36  6E2A               	movwf	gpio_port_write_logic@ret^0,c
   389   00FF38                     
   390                           ;MCAL_Layer/GPIO/hal_gpio.c: 183:       if((logic== ((void*)0)) && (port > 5 -1)){
   391   00FF38  5027               	movf	gpio_port_write_logic@logic^0,w,c
   392   00FF3A  A4D8               	btfss	status,2,c
   393   00FF3C  EFA2  F07F         	goto	u611
   394   00FF40  EFA4  F07F         	goto	u610
   395   00FF44                     u611:
   396   00FF44  EFB0  F07F         	goto	l1329
   397   00FF48                     u610:
   398   00FF48  0E04               	movlw	4
   399   00FF4A  642B               	cpfsgt	gpio_port_write_logic@port^0,c
   400   00FF4C  EFAA  F07F         	goto	u621
   401   00FF50  EFAC  F07F         	goto	u620
   402   00FF54                     u621:
   403   00FF54  EFB0  F07F         	goto	l1329
   404   00FF58                     u620:
   405   00FF58                     
   406                           ;MCAL_Layer/GPIO/hal_gpio.c: 184:      ret = (Std_ReturnType)0x00;
   407   00FF58  0E00               	movlw	0
   408   00FF5A  6E2A               	movwf	gpio_port_write_logic@ret^0,c
   409                           
   410                           ;MCAL_Layer/GPIO/hal_gpio.c: 185:  }
   411   00FF5C  EFC2  F07F         	goto	l1331
   412   00FF60                     l1329:
   413                           
   414                           ;MCAL_Layer/GPIO/hal_gpio.c: 187:   *lat_registers[port] = logic;
   415   00FF60  502B               	movf	gpio_port_write_logic@port^0,w,c
   416   00FF62  0D02               	mullw	2
   417   00FF64  0E0B               	movlw	low _lat_registers
   418   00FF66  24F3               	addwf	243,w,c
   419   00FF68  6ED9               	movwf	fsr2l,c
   420   00FF6A  0E00               	movlw	high _lat_registers
   421   00FF6C  20F4               	addwfc	prodh,w,c
   422   00FF6E  6EDA               	movwf	fsr2h,c
   423   00FF70  CFDE F028          	movff	postinc2,??_gpio_port_write_logic
   424   00FF74  CFDD F029          	movff	postdec2,??_gpio_port_write_logic+1
   425   00FF78  C028  FFD9         	movff	??_gpio_port_write_logic,fsr2l
   426   00FF7C  C029  FFDA         	movff	??_gpio_port_write_logic+1,fsr2h
   427   00FF80  C027  FFDF         	movff	gpio_port_write_logic@logic,indf2
   428   00FF84                     l1331:
   429                           
   430                           ;MCAL_Layer/GPIO/hal_gpio.c: 189:     return ret;
   431   00FF84  502A               	movf	gpio_port_write_logic@ret^0,w,c
   432   00FF86  0012               	return		;funcret
   433   00FF88                     __end_of_gpio_port_write_logic:
   434                           	callstack 0
   435                           
   436 ;; *************** function _application_initialize *****************
   437 ;; Defined at:
   438 ;;		line 27 in file "application.c"
   439 ;; Parameters:    Size  Location     Type
   440 ;;		None
   441 ;; Auto vars:     Size  Location     Type
   442 ;;  ret             1    0        unsigned char 
   443 ;; Return value:  Size  Location     Type
   444 ;;                  1    wreg      void 
   445 ;; Registers used:
   446 ;;		wreg, fsr2l, fsr2h, status,2, status,0, prodl, prodh, cstack
   447 ;; Tracked objects:
   448 ;;		On entry : 0/0
   449 ;;		On exit  : 0/0
   450 ;;		Unchanged: 0/0
   451 ;; Data sizes:     COMRAM   BANK0   BANK1   BANK2   BANK3   BANK4   BANK5   BANK6   BANK7   BANK8   BANK9  BANK10  BANK1
      +1  BANK12  BANK13  BANK14  BANK15
   452 ;;      Params:         0       0       0       0       0       0       0       0       0       0       0       0       
      +0       0       0       0       0
   453 ;;      Locals:         0       0       0       0       0       0       0       0       0       0       0       0       
      +0       0       0       0       0
   454 ;;      Temps:          0       0       0       0       0       0       0       0       0       0       0       0       
      +0       0       0       0       0
   455 ;;      Totals:         0       0       0       0       0       0       0       0       0       0       0       0       
      +0       0       0       0       0
   456 ;;Total ram usage:        0 bytes
   457 ;; Hardware stack levels used: 1
   458 ;; Hardware stack levels required when called: 1
   459 ;; This function calls:
   460 ;;		_gpio_port_direction_intialize
   461 ;; This function is called by:
   462 ;;		_main
   463 ;; This function uses a non-reentrant model
   464 ;;
   465                           
   466                           	psect	text2
   467   00FE82                     __ptext2:
   468                           	callstack 0
   469   00FE82                     _application_initialize:
   470                           	callstack 29
   471   00FE82  0E80               	movlw	128
   472   00FE84  6E27               	movwf	gpio_port_direction_intialize@direction^0,c
   473   00FE86  0E02               	movlw	2
   474   00FE88  EC76  F07F         	call	_gpio_port_direction_intialize
   475   00FE8C  0E80               	movlw	128
   476   00FE8E  6E27               	movwf	gpio_port_direction_intialize@direction^0,c
   477   00FE90  0E03               	movlw	3
   478   00FE92  EC76  F07F         	call	_gpio_port_direction_intialize
   479   00FE96  0012               	return		;funcret
   480   00FE98                     __end_of_application_initialize:
   481                           	callstack 0
   482                           
   483 ;; *************** function _gpio_port_direction_intialize *****************
   484 ;; Defined at:
   485 ;;		line 146 in file "MCAL_Layer/GPIO/hal_gpio.c"
   486 ;; Parameters:    Size  Location     Type
   487 ;;  port            1    wreg     enum E2819
   488 ;;  direction       1    0[COMRAM] unsigned char 
   489 ;; Auto vars:     Size  Location     Type
   490 ;;  port            1    4[COMRAM] enum E2819
   491 ;;  ret             1    3[COMRAM] unsigned char 
   492 ;; Return value:  Size  Location     Type
   493 ;;                  1    wreg      unsigned char 
   494 ;; Registers used:
   495 ;;		wreg, fsr2l, fsr2h, status,2, status,0, prodl, prodh
   496 ;; Tracked objects:
   497 ;;		On entry : 0/0
   498 ;;		On exit  : 0/0
   499 ;;		Unchanged: 0/0
   500 ;; Data sizes:     COMRAM   BANK0   BANK1   BANK2   BANK3   BANK4   BANK5   BANK6   BANK7   BANK8   BANK9  BANK10  BANK1
      +1  BANK12  BANK13  BANK14  BANK15
   501 ;;      Params:         1       0       0       0       0       0       0       0       0       0       0       0       
      +0       0       0       0       0
   502 ;;      Locals:         2       0       0       0       0       0       0       0       0       0       0       0       
      +0       0       0       0       0
   503 ;;      Temps:          2       0       0       0       0       0       0       0       0       0       0       0       
      +0       0       0       0       0
   504 ;;      Totals:         5       0       0       0       0       0       0       0       0       0       0       0       
      +0       0       0       0       0
   505 ;;Total ram usage:        5 bytes
   506 ;; Hardware stack levels used: 1
   507 ;; This function calls:
   508 ;;		Nothing
   509 ;; This function is called by:
   510 ;;		_application_initialize
   511 ;; This function uses a non-reentrant model
   512 ;;
   513                           
   514                           	psect	text3
   515   00FEEC                     __ptext3:
   516                           	callstack 0
   517   00FEEC                     _gpio_port_direction_intialize:
   518                           	callstack 29
   519                           
   520                           ;incstack = 0
   521                           ;gpio_port_direction_intialize@port stored from wreg
   522   00FEEC  6E2B               	movwf	gpio_port_direction_intialize@port^0,c
   523   00FEEE                     
   524                           ;MCAL_Layer/GPIO/hal_gpio.c: 147:     Std_ReturnType ret = (Std_ReturnType)0x01;
   525   00FEEE  0E01               	movlw	1
   526   00FEF0  6E2A               	movwf	gpio_port_direction_intialize@ret^0,c
   527   00FEF2                     
   528                           ;MCAL_Layer/GPIO/hal_gpio.c: 148:     if(port > 5 -1){
   529   00FEF2  0E04               	movlw	4
   530   00FEF4  642B               	cpfsgt	gpio_port_direction_intialize@port^0,c
   531   00FEF6  EF7F  F07F         	goto	u601
   532   00FEFA  EF81  F07F         	goto	u600
   533   00FEFE                     u601:
   534   00FEFE  EF85  F07F         	goto	l1315
   535   00FF02                     u600:
   536   00FF02                     
   537                           ;MCAL_Layer/GPIO/hal_gpio.c: 149:         ret = (Std_ReturnType)0x00;
   538   00FF02  0E00               	movlw	0
   539   00FF04  6E2A               	movwf	gpio_port_direction_intialize@ret^0,c
   540                           
   541                           ;MCAL_Layer/GPIO/hal_gpio.c: 150:     }
   542   00FF06  EF97  F07F         	goto	l1317
   543   00FF0A                     l1315:
   544                           
   545                           ;MCAL_Layer/GPIO/hal_gpio.c: 152:     *tris_registers[port] = direction;
   546   00FF0A  502B               	movf	gpio_port_direction_intialize@port^0,w,c
   547   00FF0C  0D02               	mullw	2
   548   00FF0E  0E15               	movlw	low _tris_registers
   549   00FF10  24F3               	addwf	243,w,c
   550   00FF12  6ED9               	movwf	fsr2l,c
   551   00FF14  0E00               	movlw	high _tris_registers
   552   00FF16  20F4               	addwfc	prodh,w,c
   553   00FF18  6EDA               	movwf	fsr2h,c
   554   00FF1A  CFDE F028          	movff	postinc2,??_gpio_port_direction_intialize
   555   00FF1E  CFDD F029          	movff	postdec2,??_gpio_port_direction_intialize+1
   556   00FF22  C028  FFD9         	movff	??_gpio_port_direction_intialize,fsr2l
   557   00FF26  C029  FFDA         	movff	??_gpio_port_direction_intialize+1,fsr2h
   558   00FF2A  C027  FFDF         	movff	gpio_port_direction_intialize@direction,indf2
   559   00FF2E                     l1317:
   560                           
   561                           ;MCAL_Layer/GPIO/hal_gpio.c: 154:     return ret;
   562   00FF2E  502A               	movf	gpio_port_direction_intialize@ret^0,w,c
   563   00FF30  0012               	return		;funcret
   564   00FF32                     __end_of_gpio_port_direction_intialize:
   565                           	callstack 0
   566   000000                     
   567                           	psect	rparam
   568   000000                     
   569                           	psect	config
   570                           
   571                           ; Padding undefined space
   572   300000                     	org	3145728
   573   300000  FF                 	db	255
   574                           
   575                           ;Config register CONFIG1H @ 0x300001
   576                           ;	Oscillator Selection bits
   577                           ;	OSC = HS, HS oscillator
   578                           ;	Fail-Safe Clock Monitor Enable bit
   579                           ;	FCMEN = OFF, Fail-Safe Clock Monitor disabled
   580                           ;	Internal/External Oscillator Switchover bit
   581                           ;	IESO = OFF, Oscillator Switchover mode disabled
   582   300001                     	org	3145729
   583   300001  02                 	db	2
   584                           
   585                           ;Config register CONFIG2L @ 0x300002
   586                           ;	Power-up Timer Enable bit
   587                           ;	PWRT = OFF, PWRT disabled
   588                           ;	Brown-out Reset Enable bits
   589                           ;	BOREN = SBORDIS, Brown-out Reset enabled in hardware only (SBOREN is disabled)
   590                           ;	Brown Out Reset Voltage bits
   591                           ;	BORV = 3, Minimum setting
   592   300002                     	org	3145730
   593   300002  1F                 	db	31
   594                           
   595                           ;Config register CONFIG2H @ 0x300003
   596                           ;	Watchdog Timer Enable bit
   597                           ;	WDT = OFF, WDT disabled (control is placed on the SWDTEN bit)
   598                           ;	Watchdog Timer Postscale Select bits
   599                           ;	WDTPS = 32768, 1:32768
   600   300003                     	org	3145731
   601   300003  1E                 	db	30
   602                           
   603                           ; Padding undefined space
   604   300004                     	org	3145732
   605   300004  FF                 	db	255
   606                           
   607                           ;Config register CONFIG3H @ 0x300005
   608                           ;	CCP2 MUX bit
   609                           ;	CCP2MX = PORTC, CCP2 input/output is multiplexed with RC1
   610                           ;	PORTB A/D Enable bit
   611                           ;	PBADEN = OFF, PORTB<4:0> pins are configured as digital I/O on Reset
   612                           ;	Low-Power Timer1 Oscillator Enable bit
   613                           ;	LPT1OSC = OFF, Timer1 configured for higher power operation
   614                           ;	MCLR Pin Enable bit
   615                           ;	MCLRE = ON, MCLR pin enabled; RE3 input pin disabled
   616   300005                     	org	3145733
   617   300005  81                 	db	129
   618                           
   619                           ;Config register CONFIG4L @ 0x300006
   620                           ;	Stack Full/Underflow Reset Enable bit
   621                           ;	STVREN = ON, Stack full/underflow will cause Reset
   622                           ;	Single-Supply ICSP Enable bit
   623                           ;	LVP = OFF, Single-Supply ICSP disabled
   624                           ;	Extended Instruction Set Enable bit
   625                           ;	XINST = OFF, Instruction set extension and Indexed Addressing mode disabled (Legacy mo
      +                          de)
   626                           ;	Background Debugger Enable bit
   627                           ;	DEBUG = 0x1, unprogrammed default
   628   300006                     	org	3145734
   629   300006  81                 	db	129
   630                           
   631                           ; Padding undefined space
   632   300007                     	org	3145735
   633   300007  FF                 	db	255
   634                           
   635                           ;Config register CONFIG5L @ 0x300008
   636                           ;	Code Protection bit
   637                           ;	CP0 = OFF, Block 0 (000800-003FFFh) not code-protected
   638                           ;	Code Protection bit
   639                           ;	CP1 = OFF, Block 1 (004000-007FFFh) not code-protected
   640                           ;	Code Protection bit
   641                           ;	CP2 = OFF, Block 2 (008000-00BFFFh) not code-protected
   642                           ;	Code Protection bit
   643                           ;	CP3 = OFF, Block 3 (00C000-00FFFFh) not code-protected
   644   300008                     	org	3145736
   645   300008  0F                 	db	15
   646                           
   647                           ;Config register CONFIG5H @ 0x300009
   648                           ;	Boot Block Code Protection bit
   649                           ;	CPB = OFF, Boot block (000000-0007FFh) not code-protected
   650                           ;	Data EEPROM Code Protection bit
   651                           ;	CPD = OFF, Data EEPROM not code-protected
   652   300009                     	org	3145737
   653   300009  C0                 	db	192
   654                           
   655                           ;Config register CONFIG6L @ 0x30000A
   656                           ;	Write Protection bit
   657                           ;	WRT0 = OFF, Block 0 (000800-003FFFh) not write-protected
   658                           ;	Write Protection bit
   659                           ;	WRT1 = OFF, Block 1 (004000-007FFFh) not write-protected
   660                           ;	Write Protection bit
   661                           ;	WRT2 = OFF, Block 2 (008000-00BFFFh) not write-protected
   662                           ;	Write Protection bit
   663                           ;	WRT3 = OFF, Block 3 (00C000-00FFFFh) not write-protected
   664   30000A                     	org	3145738
   665   30000A  0F                 	db	15
   666                           
   667                           ;Config register CONFIG6H @ 0x30000B
   668                           ;	Configuration Register Write Protection bit
   669                           ;	WRTC = OFF, Configuration registers (300000-3000FFh) not write-protected
   670                           ;	Boot Block Write Protection bit
   671                           ;	WRTB = OFF, Boot Block (000000-0007FFh) not write-protected
   672                           ;	Data EEPROM Write Protection bit
   673                           ;	WRTD = OFF, Data EEPROM not write-protected
   674   30000B                     	org	3145739
   675   30000B  E0                 	db	224
   676                           
   677                           ;Config register CONFIG7L @ 0x30000C
   678                           ;	Table Read Protection bit
   679                           ;	EBTR0 = OFF, Block 0 (000800-003FFFh) not protected from table reads executed in other
      +                           blocks
   680                           ;	Table Read Protection bit
   681                           ;	EBTR1 = OFF, Block 1 (004000-007FFFh) not protected from table reads executed in other
      +                           blocks
   682                           ;	Table Read Protection bit
   683                           ;	EBTR2 = OFF, Block 2 (008000-00BFFFh) not protected from table reads executed in other
      +                           blocks
   684                           ;	Table Read Protection bit
   685                           ;	EBTR3 = OFF, Block 3 (00C000-00FFFFh) not protected from table reads executed in other
      +                           blocks
   686   30000C                     	org	3145740
   687   30000C  0F                 	db	15
   688                           
   689                           ;Config register CONFIG7H @ 0x30000D
   690                           ;	Boot Block Table Read Protection bit
   691                           ;	EBTRB = OFF, Boot Block (000000-0007FFh) not protected from table reads executed in ot
      +                          her blocks
   692   30000D                     	org	3145741
   693   30000D  40                 	db	64
   694                           tosu	equ	0xFFF
   695                           tosh	equ	0xFFE
   696                           tosl	equ	0xFFD
   697                           stkptr	equ	0xFFC
   698                           pclatu	equ	0xFFB
   699                           pclath	equ	0xFFA
   700                           pcl	equ	0xFF9
   701                           tblptru	equ	0xFF8
   702                           tblptrh	equ	0xFF7
   703                           tblptrl	equ	0xFF6
   704                           tablat	equ	0xFF5
   705                           prodh	equ	0xFF4
   706                           prodl	equ	0xFF3
   707                           indf0	equ	0xFEF
   708                           postinc0	equ	0xFEE
   709                           postdec0	equ	0xFED
   710                           preinc0	equ	0xFEC
   711                           plusw0	equ	0xFEB
   712                           fsr0h	equ	0xFEA
   713                           fsr0l	equ	0xFE9
   714                           wreg	equ	0xFE8
   715                           indf1	equ	0xFE7
   716                           postinc1	equ	0xFE6
   717                           postdec1	equ	0xFE5
   718                           preinc1	equ	0xFE4
   719                           plusw1	equ	0xFE3
   720                           fsr1h	equ	0xFE2
   721                           fsr1l	equ	0xFE1
   722                           bsr	equ	0xFE0
   723                           indf2	equ	0xFDF
   724                           postinc2	equ	0xFDE
   725                           postdec2	equ	0xFDD
   726                           preinc2	equ	0xFDC
   727                           plusw2	equ	0xFDB
   728                           fsr2h	equ	0xFDA
   729                           fsr2l	equ	0xFD9
   730                           status	equ	0xFD8

Data Sizes:
    Strings     0
    Constant    0
    Data        30
    BSS         8
    Persistent  1
    Stack       0

Auto Spaces:
    Space          Size  Autos    Used
    COMRAM          127      7      46
    BANK0           128      0       0
    BANK1           256      0       0
    BANK2           256      0       0
    BANK3           256      0       0
    BANK4           256      0       0
    BANK5           256      0       0
    BANK6           256      0       0
    BANK7           256      0       0
    BANK8           256      0       0
    BANK9           256      0       0
    BANK10          256      0       0
    BANK11          256      0       0
    BANK12          256      0       0
    BANK13          256      0       0
    BANK14          256      0       0
    BANK15          128      0       0

Pointer List with Targets:

    port_registers	PTR volatile unsigned char [5] size(2) Largest target is 1
		 -> PORTE(BITBIGSFRll[1]), PORTD(BITBIGSFRll[1]), PORTC(BITBIGSFRll[1]), PORTB(BITBIGSFRll[1]), 
		 -> PORTA(BITBIGSFRll[1]), 

    lat_registers	PTR volatile unsigned char [5] size(2) Largest target is 1
		 -> LATE(BITBIGSFRlh[1]), LATD(BITBIGSFRlh[1]), LATC(BITBIGSFRlh[1]), LATB(BITBIGSFRlh[1]), 
		 -> LATA(BITBIGSFRll[1]), 

    tris_registers	PTR volatile unsigned char [5] size(2) Largest target is 1
		 -> TRISE(BITBIGSFRh[1]), TRISD(BITBIGSFRh[1]), TRISC(BITBIGSFRh[1]), TRISB(BITBIGSFRh[1]), 
		 -> TRISA(BITBIGSFRll[1]), 


Critical Paths under _main in COMRAM

    _main->_gpio_port_write_logic
    _application_initialize->_gpio_port_direction_intialize

Critical Paths under _main in BANK0

    None.

Critical Paths under _main in BANK1

    None.

Critical Paths under _main in BANK2

    None.

Critical Paths under _main in BANK3

    None.

Critical Paths under _main in BANK4

    None.

Critical Paths under _main in BANK5

    None.

Critical Paths under _main in BANK6

    None.

Critical Paths under _main in BANK7

    None.

Critical Paths under _main in BANK8

    None.

Critical Paths under _main in BANK9

    None.

Critical Paths under _main in BANK10

    None.

Critical Paths under _main in BANK11

    None.

Critical Paths under _main in BANK12

    None.

Critical Paths under _main in BANK13

    None.

Critical Paths under _main in BANK14

    None.

Critical Paths under _main in BANK15

    None.

Call Graph Tables:

 ---------------------------------------------------------------------------------
 (Depth) Function   	        Calls       Base Space   Used Autos Params    Refs
 ---------------------------------------------------------------------------------
 (0) _main                                                 3     3      0     512
                                              5 COMRAM     2     2      0
             _application_initialize
              _gpio_port_write_logic
 ---------------------------------------------------------------------------------
 (1) _gpio_port_write_logic                                5     4      1     264
                                              0 COMRAM     5     4      1
 ---------------------------------------------------------------------------------
 (1) _application_initialize                               1     1      0     245
      _gpio_port_direction_intialize
 ---------------------------------------------------------------------------------
 (2) _gpio_port_direction_intialize                        5     4      1     242
                                              0 COMRAM     5     4      1
 ---------------------------------------------------------------------------------
 Estimated maximum stack depth 2
 ---------------------------------------------------------------------------------

 Call Graph Graphs:

 _main (ROOT)
   _application_initialize
     _gpio_port_direction_intialize
   _gpio_port_write_logic

 Address spaces:
Name               Size   Autos  Total    Cost      Usage
BIGRAM             F7F      0       0      40        0.0%
EEDATA             400      0       0       0        0.0%
BITBANK14          100      0       0      32        0.0%
BANK14             100      0       0      33        0.0%
BITBANK13          100      0       0      30        0.0%
BANK13             100      0       0      31        0.0%
BITBANK12          100      0       0      28        0.0%
BANK12             100      0       0      29        0.0%
BITBANK11          100      0       0      26        0.0%
BANK11             100      0       0      27        0.0%
BITBANK10          100      0       0      24        0.0%
BANK10             100      0       0      25        0.0%
BITBANK9           100      0       0      22        0.0%
BANK9              100      0       0      23        0.0%
BITBANK8           100      0       0      20        0.0%
BANK8              100      0       0      21        0.0%
BITBANK7           100      0       0      18        0.0%
BANK7              100      0       0      19        0.0%
BITBANK6           100      0       0      16        0.0%
BANK6              100      0       0      17        0.0%
BITBANK5           100      0       0      14        0.0%
BANK5              100      0       0      15        0.0%
BITBANK4           100      0       0      12        0.0%
BANK4              100      0       0      13        0.0%
BITBANK3           100      0       0      10        0.0%
BANK3              100      0       0      11        0.0%
BITBANK2           100      0       0       8        0.0%
BANK2              100      0       0       9        0.0%
BITBANK1           100      0       0       6        0.0%
BANK1              100      0       0       7        0.0%
BITBANK15           80      0       0      34        0.0%
BANK15              80      0       0      35        0.0%
BITBANK0            80      0       0       4        0.0%
BANK0               80      0       0       5        0.0%
BITCOMRAM           7F      0       0       0        0.0%
COMRAM              7F      7      2E       1       36.2%
BITBIGSFRh          69      0       0      36        0.0%
BITBIGSFRlh          4      0       0      37        0.0%
BITBIGSFRll          4      0       0      38        0.0%
BIGSFR               0      0       0     200        0.0%
BITSFR               0      0       0     200        0.0%
SFR                  0      0       0     200        0.0%
STACK                0      0       0       2        0.0%
NULL                 0      0       0       0        0.0%
ABS                  0      0      2E      39        0.0%
DATA                 0      0      2E       3        0.0%
CODE                 0      0       0       0        0.0%


Microchip Technology PIC18 Macro Assembler V2.41 build 20230208172133 
Symbol Table                                                                                   Thu Oct 26 17:52:59 2023

                                   l200 FF30                                     l210 FF86  
                                   l247 FE96                                     u600 FF02  
                                   u601 FEFE                                     u610 FF48  
                                   u611 FF44                                     u620 FF58  
                                   u621 FF54                                     u630 FFE6  
                                   u631 FFE2                                     u640 FFF8  
                                   u641 FFF4                                     u657 FFA4  
                                   u667 FFC8                                     prod 0FF3  
                   led_initialize@F2881 0026                                     wreg 0FE8  
                                  l1311 FEF2                                    l1313 FF02  
                                  l1321 FF34                                    l1315 FF0A  
                                  l1331 FF84                                    l1323 FF38  
                                  l1317 FF2E                                    l1309 FEEE  
                                  l1325 FF48                                    l1341 FF88  
                                  l1335 FE82                                    l1327 FF58  
                                  l1351 FF90                                    l1343 FF88  
                                  l1337 FE82                                    l1329 FF60  
                                  l1361 FFB4                                    l1353 FF9A  
                                  l1345 FF8C                                    l1339 FE8C  
                                  l1371 FFE8                                    l1363 FFBE  
                                  l1355 FFB0                                    l1365 FFD4  
                                  l1367 FFD6                                    l1369 FFE6  
                                  _LATA 0F89                                    _LATB 0F8A  
                                  _LATC 0F8B                                    _LATD 0F8C  
                                  _LATE 0F8D                                    _main FF88  
                                  _ones 001F                                    _tens 002E  
                                  fsr2h 0FDA                                    indf2 0FDF  
                                  fsr1l 0FE1                                    fsr2l 0FD9  
                                  prodl 0FF3                                    start 0000  
                          ___param_bank 0000                   _gpio_port_write_logic FF32  
                                 ?_main 0027                ??_application_initialize 002C  
                                 _PORTA 0F80                                   _PORTB 0F81  
                                 _PORTC 0F82                                   _PORTD 0F83  
                                 _PORTE 0F84                                   _TRISA 0F92  
                                 _TRISB 0F93                                   _TRISC 0F94  
                                 _TRISD 0F95                                   _TRISE 0F96  
                                 tablat 0FF5                                   status 0FD8  
gpio_port_direction_intialize@direction 0027                         __initialization FEB6  
                          __end_of_main 0000                           _lat_registers 000B  
                                ??_main 002C                           __activetblptr 0002  
                      led_turn_on@F2886 0025          ?_gpio_port_direction_intialize 0027  
                   Relay_Turn_OFF@F2885 0020               gpio_port_write_logic@port 002B  
                ?_gpio_port_write_logic 0027                                  clear_0 FEDC  
                                isa$std 0001                            __pdataCOMRAM 0001  
                                tblptrh 0FF7                                  tblptrl 0FF6  
                                tblptru 0FF8                              __accesstop 0080  
               __end_of__initialization FEE2                           ___rparam_used 0001  
                        __pcstackCOMRAM 0027                gpio_port_write_logic@ret 002A  
                _application_initialize FE82                              __pnvCOMRAM 002E  
                 Relay_Initialize@F2875 0022                       led_turn_off@F2891 0024  
                       led_toggle@F2896 0023                          _tris_registers 0015  
                               __Hparam 0000                                 __Lparam 0000  
                               __pcinit FEB6                                 __ramtop 1000  
                               __ptext0 FF88                                 __ptext1 FF32  
                               __ptext2 FE82                                 __ptext3 FEEC  
                  end_of_initialization FEE2                           __Lmediumconst 0000  
       ??_gpio_port_direction_intialize 0028                 ??_gpio_port_write_logic 0028  
                               postdec1 0FE5                                 postdec2 0FDD  
                               postinc0 0FEE                                 postinc2 0FDE  
                         __pidataCOMRAM FE98                     start_initialization FEB6  
               ?_application_initialize 0027                      Relay_Turn_ON@F2880 0021  
 __end_of_gpio_port_direction_intialize FF32           _gpio_port_direction_intialize FEEC  
     gpio_port_direction_intialize@port 002B                             __pbssCOMRAM 001F  
        __end_of_application_initialize FE98           __end_of_gpio_port_write_logic FF88  
                             copy_data0 FECA                                __Hrparam 0000  
                              __Lrparam 0000        gpio_port_direction_intialize@ret 002A  
                              isa$xinst 0000                          _port_registers 0001  
            gpio_port_write_logic@logic 0027  
